#
# A fatal error has been detected by the Java Runtime Environment:
#
#  EXCEPTION_ACCESS_VIOLATION (0xc0000005) at pc=0x00007ff9611b26c4, pid=15264, tid=2372
#
# JRE version: OpenJDK Runtime Environment (24.0.1+9) (build 24.0.1+9-30)
# Java VM: OpenJDK 64-Bit Server VM (24.0.1+9-30, mixed mode, sharing, tiered, compressed oops, compressed class ptrs, g1 gc, windows-amd64)
# Problematic frame:
# C  [libasyncProfiler.dll+0x926c4]
#
# No core dump will be written. Minidumps are not enabled by default on client versions of Windows
#
# JFR recording file will be written. Location: C:\Users\itsme\Documentos\PrototipoSintaxis\hs_err_pid15264.jfr
#
# If you would like to submit a bug report, please visit:
#   https://bugreport.java.com/bugreport/crash.jsp
# The crash happened outside the Java Virtual Machine in native code.
# See problematic frame for where to report the bug.
#

---------------  S U M M A R Y ------------

Command Line: -javaagent:C:\Program Files\JetBrains\IntelliJ IDEA 2025.1.1.1\lib\idea_rt.jar=56468 -Dfile.encoding=UTF-8 -Dsun.stdout.encoding=UTF-8 -Dsun.stderr.encoding=UTF-8 Main

Host: 11th Gen Intel(R) Core(TM) i5-1135G7 @ 2.40GHz, 8 cores, 7G,  Windows 11 , 64 bit Build 26100 (10.0.26100.3912)
Time: Sun May 25 20:37:01 2025 Hora estándar de Argentina elapsed time: 3.918075 seconds (0d 0h 0m 3s)

---------------  T H R E A D  ---------------

Current thread (0x000002d0783e3af0):  JavaThread "Attach Listener" daemon [_thread_in_native, id=2372, stack(0x000000d3a0a00000,0x000000d3a0b00000) (1024K)]

Stack: [0x000000d3a0a00000,0x000000d3a0b00000],  sp=0x000000d3a0aff050,  free space=1020k
Native frames: (J=compiled Java code, j=interpreted, Vv=VM code, C=native code)
C  [libasyncProfiler.dll+0x926c4]  (no source info available)
C  [libasyncProfiler.dll+0x92b9b]  (no source info available)
C  [libasyncProfiler.dll+0x917f4]  (no source info available)
C  [libasyncProfiler.dll+0x9206a]  (no source info available)
C  [libasyncProfiler.dll+0x8cc21]  (no source info available)
C  [libasyncProfiler.dll+0x7e5e1]  (no source info available)
C  [libasyncProfiler.dll+0x7d2f8]  (no source info available)
C  [libasyncProfiler.dll+0x7d1e0]  (no source info available)
C  [libasyncProfiler.dll+0x841b9]  (no source info available)
V  [jvm.dll+0x57eff7]  (no source info available)
V  [jvm.dll+0x57fdac]  (no source info available)
V  [jvm.dll+0x14ca17]  (no source info available)
V  [jvm.dll+0x14dfe1]  (no source info available)
V  [jvm.dll+0x42f456]  (no source info available)
V  [jvm.dll+0x87d76b]  (no source info available)
V  [jvm.dll+0x72ee55]  (no source info available)
C  [ucrtbase.dll+0x37b0]  (no source info available)
C  [KERNEL32.DLL+0x2e8d7]  (no source info available)
C  [ntdll.dll+0x9c5dc]  (no source info available)


siginfo: EXCEPTION_ACCESS_VIOLATION (0xc0000005), reading address 0xffffffffffffffff


Registers:
RAX=0x0000000000000010, RBX=0x0000000000000000, RCX=0xffffffffffffffff, RDX=0x007ff961d7300010
RSP=0x000000d3a0aff050, RBP=0x000002d0554b0138, RSI=0x000000d3a0aff1c0, RDI=0x000002d0554b0138
R8 =0x0000000000000042, R9 =0x000000008b301ed8, R10=0x00007ff961fe9fb0, R11=0x0000000000000002
R12=0x000000d3a0aff1c0, R13=0x000002d054d28af0, R14=0x000002d0783e3eb8, R15=0x000002d0783e3eb8
RIP=0x00007ff9611b26c4, EFLAGS=0x0000000000010202

XMM[0]=0x0000000000000000 0x0000000000000000
XMM[1]=0x0000000000000000 0x0000000000000000
XMM[2]=0x0000000000000000 0x0000000000000000
XMM[3]=0x0000000000000000 0x0000000000000000
XMM[4]=0x0000000000000000 0x0000000000000000
XMM[5]=0x0000000000000000 0x0000000000000000
XMM[6]=0x0000000000000000 0x0000000000000000
XMM[7]=0x0000000000000000 0x0000000000000000
XMM[8]=0x0000000000000000 0x0000000000000000
XMM[9]=0x0000000000000000 0x0000000000000000
XMM[10]=0x0000000000000000 0x0000000000000000
XMM[11]=0x0000000000000000 0x0000000000000000
XMM[12]=0x0000000000000000 0x0000000000000000
XMM[13]=0x0000000000000000 0x0000000000000000
XMM[14]=0x0000000000000000 0x0000000000000000
XMM[15]=0x0000000000000000 0x0000000000000000
  MXCSR=0x00001fa0


Register to memory mapping:

RAX=0x0000000000000010 is an unknown value
RBX=0x0 is null
RCX=0xffffffffffffffff is an unknown value
RDX=0x007ff961d7300010 is an unknown value
RSP=0x000000d3a0aff050 is pointing into the stack for thread: 0x000002d0783e3af0
RBP=0x000002d0554b0138 points into unknown readable memory: 0x000000008b301ed8 | d8 1e 30 8b 00 00 00 00
RSI=0x000000d3a0aff1c0 is pointing into the stack for thread: 0x000002d0783e3af0
RDI=0x000002d0554b0138 points into unknown readable memory: 0x000000008b301ed8 | d8 1e 30 8b 00 00 00 00
R8 =0x0000000000000042 is an unknown value
R9 =0x000000008b301ed8 is an oop: java.lang.Thread 
{0x000000008b301ed8} - klass: 'java/lang/Thread' - flags: 

 - ---- fields (total size 14 words):
 - 'threadLocalRandomProbe' 'I' @12  0 (0x00000000)
 - private volatile 'eetop' 'J' @16  3094123605376 (0x000002d068236d80)
 - private final 'tid' 'J' @24  3 (0x0000000000000003)
 - 'threadLocalRandomSeed' 'J' @32  0 (0x0000000000000000)
 - injected 'jvmti_thread_state' 'J' @40  3093798465712 (0x000002d054c230b0)
 - 'threadLocalRandomSecondarySeed' 'I' @48  0 (0x00000000)
 - injected 'jvmti_VTMS_transition_disable_count' 'I' @52  0 (0x00000000)
 - injected 'jfr_epoch' 'S' @56  0 (0x0000)
 - volatile 'interrupted' 'Z' @58  false (0x00)
 - injected 'jvmti_is_in_VTMS_transition' 'Z' @59  false (0x00)
 - private volatile 'name' 'Ljava/lang/String;' @60  "main"{0x000000008b301f48} (0x8b301f48)
 - private volatile 'contextClassLoader' 'Ljava/lang/ClassLoader;' @64  a 'jdk/internal/loader/ClassLoaders$AppClassLoader'{0x000000008b315c20} (0x8b315c20)
 - private final 'holder' 'Ljava/lang/Thread$FieldHolder;' @68  a 'java/lang/Thread$FieldHolder'{0x000000008b301f88} (0x8b301f88)
 - 'threadLocals' 'Ljava/lang/ThreadLocal$ThreadLocalMap;' @72  a 'java/lang/ThreadLocal$ThreadLocalMap'{0x000000008b133af8} (0x8b133af8)
 - 'inheritableThreadLocals' 'Ljava/lang/ThreadLocal$ThreadLocalMap;' @76  null (0x00000000)
 - private 'scopedValueBindings' 'Ljava/lang/Object;' @80  a 'java/lang/Class'{0x00000000ffe7c258} = 'java/lang/Thread' (0xffe7c258)
 - final 'interruptLock' 'Ljava/lang/Object;' @84  a 'java/lang/Object'{0x000000008b301f78} (0x8b301f78)
 - private volatile 'parkBlocker' 'Ljava/lang/Object;' @88  null (0x00000000)
 - private 'nioBlocker' 'Lsun/nio/ch/Interruptible;' @92  null (0x00000000)
 - private 'cont' 'Ljdk/internal/vm/Continuation;' @96  null (0x00000000)
 - private volatile 'uncaughtExceptionHandler' 'Ljava/lang/Thread$UncaughtExceptionHandler;' @100  null (0x00000000)
 - private 'container' 'Ljdk/internal/vm/ThreadContainer;' @104  null (0x00000000)
 - private volatile 'headStackableScopes' 'Ljdk/internal/vm/StackableScope;' @108  null (0x00000000)
R10=0x00007ff961fe9fb0 jvm.dll
R11=0x0000000000000002 is an unknown value
R12=0x000000d3a0aff1c0 is pointing into the stack for thread: 0x000002d0783e3af0
R13=0x000002d054d28af0 points into unknown readable memory: 0x00007ff961f5a510 | 10 a5 f5 61 f9 7f 00 00
R14=0x000002d0783e3eb8 points into unknown readable memory: 0x00007ff961f517b0 | b0 17 f5 61 f9 7f 00 00
R15=0x000002d0783e3eb8 points into unknown readable memory: 0x00007ff961f517b0 | b0 17 f5 61 f9 7f 00 00

Top of Stack: (sp=0x000000d3a0aff050)
0x000000d3a0aff050:   000000d3a0aff1c0 000002d0554b0138   ........8.KU....
0x000000d3a0aff060:   0000000000000000 000002d0783e4240   ........@B>x....
0x000000d3a0aff070:   000000000000001f 00007ff9611b2b9b   .........+.a....
0x000000d3a0aff080:   0000000000000000 000002d0783e3eb8   .........>>x....
0x000000d3a0aff090:   000000d3a0aff101 0000000000000000   ................
0x000000d3a0aff0a0:   000002d05574ed10 00007ff9611b17f4   ..tU.......a....
0x000000d3a0aff0b0:   0000000000000000 000000000000001f   ................
0x000000d3a0aff0c0:   0000000000000000 000000000000001f   ................
0x000000d3a0aff0d0:   0000000e00000002 000002d0555cdad0   ..........\U....
0x000000d3a0aff0e0:   000002d05574ed10 000002d05574ed8c   ..tU......tU....
0x000000d3a0aff0f0:   000002d05574edb8 00000000000030e8   ..tU.....0......
0x000000d3a0aff100:   0000000000000000 0000000000000000   ................
0x000000d3a0aff110:   0000000000000000 00007ff9617b57d4   .........W{a....
0x000000d3a0aff120:   00007ff9612f4ca0 0000000000003ba0   .L/a.....;......
0x000000d3a0aff130:   00007ff9612f4ca0 00000000ffffffff   .L/a............
0x000000d3a0aff140:   0000000000000000 00007ff9611b206a   ........j .a....
0x000000d3a0aff150:   000002d0783e3eb8 0000000000000000   .>>x............
0x000000d3a0aff160:   000000d3a0aff1c9 000002d054d28af0   ...........T....
0x000000d3a0aff170:   0000000000000004 0000000000000048   ........H.......
0x000000d3a0aff180:   0000000800800310 0000000000000020   ........ .......
0x000000d3a0aff190:   000002d0783e3eb8 00007ff9612f4ca0   .>>x.....L/a....
0x000000d3a0aff1a0:   000002d078284f90 000002d054c230b0   .O(x.....0.T....
0x000000d3a0aff1b0:   0000000800800390 000002d0783e3eb8   .........>>x....
0x000000d3a0aff1c0:   000002d054ba5930 000002d054ba5d10   0Y.T.....].T....
0x000000d3a0aff1d0:   000002d054ba5d10 00007ff9612f4ca0   .].T.....L/a....
0x000000d3a0aff1e0:   000002d0553a9b08 000000d3a0aff358   ..:U....X.......
0x000000d3a0aff1f0:   000000d3a0aff490 0000000000008840   ........@.......
0x000000d3a0aff200:   000000d3a0aff670 00007ff9612f4cf0   p........L/a....
0x000000d3a0aff210:   0000000000989680 0000000000989680   ................
0x000000d3a0aff220:   000000d3a0aff330 00007ff9611acc21   0.......!..a....
0x000000d3a0aff230:   00007ff9612f4ca0 00007ff9612f4cf8   .L/a.....L/a....
0x000000d3a0aff240:   00007ff900000000 00007ff900000001   ................

Instructions: (pc=0x00007ff9611b26c4)
  0x00007ff9611b25c4:   cc cc cc cc cc cc cc cc cc cc cc cc cc cc cc cc
  0x00007ff9611b25d4:   cc cc cc cc cc cc cc cc cc cc cc cc cc cc cc cc
  0x00007ff9611b25e4:   cc cc cc cc cc cc cc cc cc cc cc cc cc cc cc cc
  0x00007ff9611b25f4:   cc cc cc cc cc cc cc cc cc cc cc cc cc cc cc cc
  0x00007ff9611b2604:   cc cc cc cc cc cc cc cc cc cc cc cc cc cc cc cc
  0x00007ff9611b2614:   cc cc cc cc cc cc cc cc cc cc cc cc cc cc cc cc
  0x00007ff9611b2624:   cc cc cc cc cc cc cc cc cc cc cc cc cc cc cc cc
  0x00007ff9611b2634:   cc cc cc cc cc cc cc cc cc cc cc cc cc cc cc cc
  0x00007ff9611b2644:   cc cc cc cc cc cc cc cc cc cc cc cc 40 57 48 83
  0x00007ff9611b2654:   ec 20 48 8b f9 48 8b 0d 10 28 14 00 48 85 c9 74
  0x00007ff9611b2664:   20 48 8b 01 48 8d 54 24 38 41 b8 06 00 01 00 4c
  0x00007ff9611b2674:   8b 48 30 41 ff d1 85 c0 75 07 48 8b 4c 24 38 eb
  0x00007ff9611b2684:   02 33 c9 4c 8b 05 ea 28 14 00 48 89 5c 24 30 4d
  0x00007ff9611b2694:   85 c0 74 4a 48 8b 01 48 8b d7 4c 8b 88 28 03 00
  0x00007ff9611b26a4:   00 41 ff d1 48 85 c0 74 35 48 63 0d f8 e6 13 00
  0x00007ff9611b26b4:   48 8b 14 01 48 85 d2 74 15 48 63 05 fc e6 13 00
=>0x00007ff9611b26c4:   8b 04 10 48 8b 5c 24 30 48 83 c4 20 5f c3 b8 ff
  0x00007ff9611b26d4:   ff ff ff 48 8b 5c 24 30 48 83 c4 20 5f c3 80 3d
  0x00007ff9611b26e4:   9b 27 14 00 00 bb ff ff ff ff 74 20 4c 8b 0d 31
  0x00007ff9611b26f4:   24 14 00 4c 8d 44 24 38 48 8b 0d 15 24 14 00 48
  0x00007ff9611b2704:   8b d7 41 ff d1 85 c0 0f 44 5c 24 38 8b c3 48 8b
  0x00007ff9611b2714:   5c 24 30 48 83 c4 20 5f c3 cc cc cc cc cc cc cc
  0x00007ff9611b2724:   cc cc cc cc cc cc cc cc cc cc cc cc cc cc cc cc
  0x00007ff9611b2734:   cc cc cc cc cc cc cc cc cc cc cc cc cc cc cc cc
  0x00007ff9611b2744:   cc cc cc cc cc cc cc cc cc cc cc cc 48 89 54 24
  0x00007ff9611b2754:   10 53 55 56 57 41 56 41 57 48 83 ec 28 48 8b f2
  0x00007ff9611b2764:   4c 8b f1 48 89 4c 24 78 45 33 ff 44 89 7c 24 68
  0x00007ff9611b2774:   c7 44 24 60 01 00 00 00 48 8d 4c 24 68 e8 ed 42
  0x00007ff9611b2784:   f7 ff 8b d8 48 8d 4c 24 60 e8 e1 42 f7 ff 8b e8
  0x00007ff9611b2794:   49 8b ce e8 00 fc f6 ff 48 8b f8 90 8b c3 f0 0f
  0x00007ff9611b27a4:   b1 2f 74 04 f3 90 eb f4 4c 89 3e 4c 89 7e 08 4c
  0x00007ff9611b27b4:   89 7e 10 49 8b 6e 08 4d 8b 76 10 49 3b ee 0f 84


Stack slot to memory mapping:

stack at sp + 0 slots: 0x000000d3a0aff1c0 is pointing into the stack for thread: 0x000002d0783e3af0
stack at sp + 1 slots: 0x000002d0554b0138 points into unknown readable memory: 0x000000008b301ed8 | d8 1e 30 8b 00 00 00 00
stack at sp + 2 slots: 0x0 is null
stack at sp + 3 slots: 0x000002d0783e4240 points into unknown readable memory: 0x6e616c2e6176616a | 6a 61 76 61 2e 6c 61 6e
stack at sp + 4 slots: 0x000000000000001f is an unknown value
stack at sp + 5 slots: 0x00007ff9611b2b9b libasyncProfiler.dll
stack at sp + 6 slots: 0x0 is null
stack at sp + 7 slots: 0x000002d0783e3eb8 points into unknown readable memory: 0x00007ff961f517b0 | b0 17 f5 61 f9 7f 00 00

Lock stack of current Java thread (top to bottom):


---------------  P R O C E S S  ---------------

Threads class SMR info:
_java_thread_list=0x000002d05426e0a0, length=18, elements={
0x000002d068236d80, 0x000002d0783dceb0, 0x000002d0783dd5f0, 0x000002d0783e2c10,
0x000002d0783e3af0, 0x000002d0783e5930, 0x000002d0783e78a0, 0x000002d0783f54b0,
0x000002d0783fae30, 0x000002d0541d4a10, 0x000002d0541fb510, 0x000002d0541fbc50,
0x000002d0549c9870, 0x000002d054ce5cd0, 0x000002d054bfb0c0, 0x000002d0549b7360,
0x000002d05563ae00, 0x000002d0556116f0
}

Java Threads: ( => current thread )
  0x000002d068236d80 JavaThread "main"                              [_thread_in_native, id=3540, stack(0x000000d39ff00000,0x000000d3a0000000) (1024K)]
  0x000002d0783dceb0 JavaThread "Reference Handler"          daemon [_thread_blocked, id=14116, stack(0x000000d3a0700000,0x000000d3a0800000) (1024K)]
  0x000002d0783dd5f0 JavaThread "Finalizer"                  daemon [_thread_blocked, id=2244, stack(0x000000d3a0800000,0x000000d3a0900000) (1024K)]
  0x000002d0783e2c10 JavaThread "Signal Dispatcher"          daemon [_thread_blocked, id=3984, stack(0x000000d3a0900000,0x000000d3a0a00000) (1024K)]
=>0x000002d0783e3af0 JavaThread "Attach Listener"            daemon [_thread_in_native, id=2372, stack(0x000000d3a0a00000,0x000000d3a0b00000) (1024K)]
  0x000002d0783e5930 JavaThread "Service Thread"             daemon [_thread_blocked, id=3816, stack(0x000000d3a0b00000,0x000000d3a0c00000) (1024K)]
  0x000002d0783e78a0 JavaThread "Monitor Deflation Thread"   daemon [_thread_blocked, id=11932, stack(0x000000d3a0c00000,0x000000d3a0d00000) (1024K)]
  0x000002d0783f54b0 JavaThread "C2 CompilerThread0"         daemon [_thread_in_native, id=10812, stack(0x000000d3a0d00000,0x000000d3a0e00000) (1024K)]
  0x000002d0783fae30 JavaThread "C1 CompilerThread0"         daemon [_thread_blocked, id=2236, stack(0x000000d3a0e00000,0x000000d3a0f00000) (1024K)]
  0x000002d0541d4a10 JavaThread "Common-Cleaner"             daemon [_thread_blocked, id=4820, stack(0x000000d3a0f00000,0x000000d3a1000000) (1024K)]
  0x000002d0541fb510 JavaThread "Monitor Ctrl-Break"         daemon [_thread_in_native, id=1996, stack(0x000000d3a1000000,0x000000d3a1100000) (1024K)]
  0x000002d0541fbc50 JavaThread "Notification Thread"        daemon [_thread_blocked, id=6608, stack(0x000000d3a1100000,0x000000d3a1200000) (1024K)]
  0x000002d0549c9870 JavaThread "RMI TCP Accept-0"           daemon [_thread_in_native, id=1744, stack(0x000000d3a1400000,0x000000d3a1500000) (1024K)]
  0x000002d054ce5cd0 JavaThread "RMI TCP Connection(1)-192.168.100.18" daemon [_thread_in_native, id=15052, stack(0x000000d3a1500000,0x000000d3a1600000) (1024K)]
  0x000002d054bfb0c0 JavaThread "RMI Scheduler(0)"           daemon [_thread_blocked, id=5684, stack(0x000000d3a1600000,0x000000d3a1700000) (1024K)]
  0x000002d0549b7360 JavaThread "JMX server connection timeout 31" daemon [_thread_blocked, id=7312, stack(0x000000d3a1700000,0x000000d3a1800000) (1024K)]
  0x000002d05563ae00 JavaThread "JFR Recorder Thread"        daemon [_thread_in_native, id=5496, stack(0x000000d3a1800000,0x000000d3a1900000) (1024K)]
  0x000002d0556116f0 JavaThread "JFR Periodic Tasks"         daemon [_thread_blocked, id=12520, stack(0x000000d3a1900000,0x000000d3a1a00000) (1024K)]
Total: 18

Other Threads:
  0x000002d0783c9570 VMThread "VM Thread"                           [id=8388, stack(0x000000d3a0600000,0x000000d3a0700000) (1024K)]
  0x000002d0783b9870 WatcherThread "VM Periodic Task Thread"        [id=14944, stack(0x000000d3a0500000,0x000000d3a0600000) (1024K)]
  0x000002d069c628c0 WorkerThread "GC Thread#0"                     [id=5176, stack(0x000000d3a0000000,0x000000d3a0100000) (1024K)]
  0x000002d069c783b0 ConcurrentGCThread "G1 Main Marker"            [id=14908, stack(0x000000d3a0100000,0x000000d3a0200000) (1024K)]
  0x000002d069c79470 WorkerThread "G1 Conc#0"                       [id=14704, stack(0x000000d3a0200000,0x000000d3a0300000) (1024K)]
  0x000002d078277510 ConcurrentGCThread "G1 Refine#0"               [id=14984, stack(0x000000d3a0300000,0x000000d3a0400000) (1024K)]
  0x000002d0782782b0 ConcurrentGCThread "G1 Service"                [id=8944, stack(0x000000d3a0400000,0x000000d3a0500000) (1024K)]
Total: 7

Threads with active compile tasks:
C2 CompilerThread0  4034 1796       4       jdk.jfr.internal.MetadataWriter::write (168 bytes)
Total: 1

VM state: not at safepoint (normal execution)

VM Mutex/Monitor currently owned by a thread: None

Heap address: 0x0000000083600000, size: 1994 MB, Compressed Oops mode: 32-bit

CDS archive(s) mapped at: [0x000002d00f000000-0x000002d00fd40000-0x000002d00fd40000), size 13893632, SharedBaseAddress: 0x000002d00f000000, ArchiveRelocationMode: 1.
Compressed class space mapped at: 0x000002d010000000-0x000002d050000000, reserved size: 1073741824
UseCompressedClassPointers 1, UseCompactObjectHeaders 0
Narrow klass pointer bits 32, Max shift 3
Narrow klass base: 0x000002d00f000000, Narrow klass shift: 0
Encoding Range: [0x000002d00f000000 - 0x000002d10f000000), (4294967296 bytes)
Klass Range:    [0x000002d00f000000 - 0x000002d050000000), (1090519040 bytes)
Klass ID Range:  [8 - 1090519033) (1090519025)

GC Precious Log:
 CardTable entry size: 512
 Card Set container configuration: InlinePtr #cards 5 size 8 Array Of Cards #cards 10 size 36 Howl #buckets 4 coarsen threshold 1843 Howl Bitmap #cards 512 size 80 coarsen threshold 460 Card regions per heap region 1 cards per card region 2048
 CPUs: 8 total, 8 available
 Memory: 7975M
 Large Page Support: Disabled
 NUMA Support: Disabled
 Compressed Oops: Enabled (32-bit)
 Heap Region Size: 1M
 Heap Min Capacity: 8M
 Heap Initial Capacity: 126M
 Heap Max Capacity: 1994M
 Pre-touch: Disabled
 Parallel Workers: 8
 Concurrent Workers: 2
 Concurrent Refinement Workers: 8
 Periodic GC: Disabled

Heap:
 garbage-first heap   total reserved 2041856K, committed 131072K, used 28784K [0x0000000083600000, 0x0000000100000000)
  region size 1024K, 28 young (28672K), 0 survivors (0K)
 Metaspace       used 7884K, committed 8128K, reserved 1114112K
  class space    used 742K, committed 832K, reserved 1048576K

Heap Regions: E=young(eden), S=young(survivor), O=old, HS=humongous(starts), HC=humongous(continues), CS=collection set, F=free, TAMS=top-at-mark-start, PB=parsable bottom
|   0|0x0000000083600000, 0x0000000083600000, 0x0000000083700000|  0%| F|  |TAMS 0x0000000083600000| PB 0x0000000083600000| Untracked |  0
|   1|0x0000000083700000, 0x0000000083700000, 0x0000000083800000|  0%| F|  |TAMS 0x0000000083700000| PB 0x0000000083700000| Untracked |  0
|   2|0x0000000083800000, 0x0000000083800000, 0x0000000083900000|  0%| F|  |TAMS 0x0000000083800000| PB 0x0000000083800000| Untracked |  0
|   3|0x0000000083900000, 0x0000000083900000, 0x0000000083a00000|  0%| F|  |TAMS 0x0000000083900000| PB 0x0000000083900000| Untracked |  0
|   4|0x0000000083a00000, 0x0000000083a00000, 0x0000000083b00000|  0%| F|  |TAMS 0x0000000083a00000| PB 0x0000000083a00000| Untracked |  0
|   5|0x0000000083b00000, 0x0000000083b00000, 0x0000000083c00000|  0%| F|  |TAMS 0x0000000083b00000| PB 0x0000000083b00000| Untracked |  0
|   6|0x0000000083c00000, 0x0000000083c00000, 0x0000000083d00000|  0%| F|  |TAMS 0x0000000083c00000| PB 0x0000000083c00000| Untracked |  0
|   7|0x0000000083d00000, 0x0000000083d00000, 0x0000000083e00000|  0%| F|  |TAMS 0x0000000083d00000| PB 0x0000000083d00000| Untracked |  0
|   8|0x0000000083e00000, 0x0000000083e00000, 0x0000000083f00000|  0%| F|  |TAMS 0x0000000083e00000| PB 0x0000000083e00000| Untracked |  0
|   9|0x0000000083f00000, 0x0000000083f00000, 0x0000000084000000|  0%| F|  |TAMS 0x0000000083f00000| PB 0x0000000083f00000| Untracked |  0
|  10|0x0000000084000000, 0x0000000084000000, 0x0000000084100000|  0%| F|  |TAMS 0x0000000084000000| PB 0x0000000084000000| Untracked |  0
|  11|0x0000000084100000, 0x0000000084100000, 0x0000000084200000|  0%| F|  |TAMS 0x0000000084100000| PB 0x0000000084100000| Untracked |  0
|  12|0x0000000084200000, 0x0000000084200000, 0x0000000084300000|  0%| F|  |TAMS 0x0000000084200000| PB 0x0000000084200000| Untracked |  0
|  13|0x0000000084300000, 0x0000000084300000, 0x0000000084400000|  0%| F|  |TAMS 0x0000000084300000| PB 0x0000000084300000| Untracked |  0
|  14|0x0000000084400000, 0x0000000084400000, 0x0000000084500000|  0%| F|  |TAMS 0x0000000084400000| PB 0x0000000084400000| Untracked |  0
|  15|0x0000000084500000, 0x0000000084500000, 0x0000000084600000|  0%| F|  |TAMS 0x0000000084500000| PB 0x0000000084500000| Untracked |  0
|  16|0x0000000084600000, 0x0000000084600000, 0x0000000084700000|  0%| F|  |TAMS 0x0000000084600000| PB 0x0000000084600000| Untracked |  0
|  17|0x0000000084700000, 0x0000000084700000, 0x0000000084800000|  0%| F|  |TAMS 0x0000000084700000| PB 0x0000000084700000| Untracked |  0
|  18|0x0000000084800000, 0x0000000084800000, 0x0000000084900000|  0%| F|  |TAMS 0x0000000084800000| PB 0x0000000084800000| Untracked |  0
|  19|0x0000000084900000, 0x0000000084900000, 0x0000000084a00000|  0%| F|  |TAMS 0x0000000084900000| PB 0x0000000084900000| Untracked |  0
|  20|0x0000000084a00000, 0x0000000084a00000, 0x0000000084b00000|  0%| F|  |TAMS 0x0000000084a00000| PB 0x0000000084a00000| Untracked |  0
|  21|0x0000000084b00000, 0x0000000084b00000, 0x0000000084c00000|  0%| F|  |TAMS 0x0000000084b00000| PB 0x0000000084b00000| Untracked |  0
|  22|0x0000000084c00000, 0x0000000084c00000, 0x0000000084d00000|  0%| F|  |TAMS 0x0000000084c00000| PB 0x0000000084c00000| Untracked |  0
|  23|0x0000000084d00000, 0x0000000084d00000, 0x0000000084e00000|  0%| F|  |TAMS 0x0000000084d00000| PB 0x0000000084d00000| Untracked |  0
|  24|0x0000000084e00000, 0x0000000084e00000, 0x0000000084f00000|  0%| F|  |TAMS 0x0000000084e00000| PB 0x0000000084e00000| Untracked |  0
|  25|0x0000000084f00000, 0x0000000084f00000, 0x0000000085000000|  0%| F|  |TAMS 0x0000000084f00000| PB 0x0000000084f00000| Untracked |  0
|  26|0x0000000085000000, 0x0000000085000000, 0x0000000085100000|  0%| F|  |TAMS 0x0000000085000000| PB 0x0000000085000000| Untracked |  0
|  27|0x0000000085100000, 0x0000000085100000, 0x0000000085200000|  0%| F|  |TAMS 0x0000000085100000| PB 0x0000000085100000| Untracked |  0
|  28|0x0000000085200000, 0x0000000085200000, 0x0000000085300000|  0%| F|  |TAMS 0x0000000085200000| PB 0x0000000085200000| Untracked |  0
|  29|0x0000000085300000, 0x0000000085300000, 0x0000000085400000|  0%| F|  |TAMS 0x0000000085300000| PB 0x0000000085300000| Untracked |  0
|  30|0x0000000085400000, 0x0000000085400000, 0x0000000085500000|  0%| F|  |TAMS 0x0000000085400000| PB 0x0000000085400000| Untracked |  0
|  31|0x0000000085500000, 0x0000000085500000, 0x0000000085600000|  0%| F|  |TAMS 0x0000000085500000| PB 0x0000000085500000| Untracked |  0
|  32|0x0000000085600000, 0x0000000085600000, 0x0000000085700000|  0%| F|  |TAMS 0x0000000085600000| PB 0x0000000085600000| Untracked |  0
|  33|0x0000000085700000, 0x0000000085700000, 0x0000000085800000|  0%| F|  |TAMS 0x0000000085700000| PB 0x0000000085700000| Untracked |  0
|  34|0x0000000085800000, 0x0000000085800000, 0x0000000085900000|  0%| F|  |TAMS 0x0000000085800000| PB 0x0000000085800000| Untracked |  0
|  35|0x0000000085900000, 0x0000000085900000, 0x0000000085a00000|  0%| F|  |TAMS 0x0000000085900000| PB 0x0000000085900000| Untracked |  0
|  36|0x0000000085a00000, 0x0000000085a00000, 0x0000000085b00000|  0%| F|  |TAMS 0x0000000085a00000| PB 0x0000000085a00000| Untracked |  0
|  37|0x0000000085b00000, 0x0000000085b00000, 0x0000000085c00000|  0%| F|  |TAMS 0x0000000085b00000| PB 0x0000000085b00000| Untracked |  0
|  38|0x0000000085c00000, 0x0000000085c00000, 0x0000000085d00000|  0%| F|  |TAMS 0x0000000085c00000| PB 0x0000000085c00000| Untracked |  0
|  39|0x0000000085d00000, 0x0000000085d00000, 0x0000000085e00000|  0%| F|  |TAMS 0x0000000085d00000| PB 0x0000000085d00000| Untracked |  0
|  40|0x0000000085e00000, 0x0000000085e00000, 0x0000000085f00000|  0%| F|  |TAMS 0x0000000085e00000| PB 0x0000000085e00000| Untracked |  0
|  41|0x0000000085f00000, 0x0000000085f00000, 0x0000000086000000|  0%| F|  |TAMS 0x0000000085f00000| PB 0x0000000085f00000| Untracked |  0
|  42|0x0000000086000000, 0x0000000086000000, 0x0000000086100000|  0%| F|  |TAMS 0x0000000086000000| PB 0x0000000086000000| Untracked |  0
|  43|0x0000000086100000, 0x0000000086100000, 0x0000000086200000|  0%| F|  |TAMS 0x0000000086100000| PB 0x0000000086100000| Untracked |  0
|  44|0x0000000086200000, 0x0000000086200000, 0x0000000086300000|  0%| F|  |TAMS 0x0000000086200000| PB 0x0000000086200000| Untracked |  0
|  45|0x0000000086300000, 0x0000000086300000, 0x0000000086400000|  0%| F|  |TAMS 0x0000000086300000| PB 0x0000000086300000| Untracked |  0
|  46|0x0000000086400000, 0x0000000086400000, 0x0000000086500000|  0%| F|  |TAMS 0x0000000086400000| PB 0x0000000086400000| Untracked |  0
|  47|0x0000000086500000, 0x0000000086500000, 0x0000000086600000|  0%| F|  |TAMS 0x0000000086500000| PB 0x0000000086500000| Untracked |  0
|  48|0x0000000086600000, 0x0000000086600000, 0x0000000086700000|  0%| F|  |TAMS 0x0000000086600000| PB 0x0000000086600000| Untracked |  0
|  49|0x0000000086700000, 0x0000000086700000, 0x0000000086800000|  0%| F|  |TAMS 0x0000000086700000| PB 0x0000000086700000| Untracked |  0
|  50|0x0000000086800000, 0x0000000086800000, 0x0000000086900000|  0%| F|  |TAMS 0x0000000086800000| PB 0x0000000086800000| Untracked |  0
|  51|0x0000000086900000, 0x0000000086900000, 0x0000000086a00000|  0%| F|  |TAMS 0x0000000086900000| PB 0x0000000086900000| Untracked |  0
|  52|0x0000000086a00000, 0x0000000086a00000, 0x0000000086b00000|  0%| F|  |TAMS 0x0000000086a00000| PB 0x0000000086a00000| Untracked |  0
|  53|0x0000000086b00000, 0x0000000086b00000, 0x0000000086c00000|  0%| F|  |TAMS 0x0000000086b00000| PB 0x0000000086b00000| Untracked |  0
|  54|0x0000000086c00000, 0x0000000086c00000, 0x0000000086d00000|  0%| F|  |TAMS 0x0000000086c00000| PB 0x0000000086c00000| Untracked |  0
|  55|0x0000000086d00000, 0x0000000086d00000, 0x0000000086e00000|  0%| F|  |TAMS 0x0000000086d00000| PB 0x0000000086d00000| Untracked |  0
|  56|0x0000000086e00000, 0x0000000086e00000, 0x0000000086f00000|  0%| F|  |TAMS 0x0000000086e00000| PB 0x0000000086e00000| Untracked |  0
|  57|0x0000000086f00000, 0x0000000086f00000, 0x0000000087000000|  0%| F|  |TAMS 0x0000000086f00000| PB 0x0000000086f00000| Untracked |  0
|  58|0x0000000087000000, 0x0000000087000000, 0x0000000087100000|  0%| F|  |TAMS 0x0000000087000000| PB 0x0000000087000000| Untracked |  0
|  59|0x0000000087100000, 0x0000000087100000, 0x0000000087200000|  0%| F|  |TAMS 0x0000000087100000| PB 0x0000000087100000| Untracked |  0
|  60|0x0000000087200000, 0x0000000087200000, 0x0000000087300000|  0%| F|  |TAMS 0x0000000087200000| PB 0x0000000087200000| Untracked |  0
|  61|0x0000000087300000, 0x0000000087300000, 0x0000000087400000|  0%| F|  |TAMS 0x0000000087300000| PB 0x0000000087300000| Untracked |  0
|  62|0x0000000087400000, 0x0000000087400000, 0x0000000087500000|  0%| F|  |TAMS 0x0000000087400000| PB 0x0000000087400000| Untracked |  0
|  63|0x0000000087500000, 0x0000000087500000, 0x0000000087600000|  0%| F|  |TAMS 0x0000000087500000| PB 0x0000000087500000| Untracked |  0
|  64|0x0000000087600000, 0x0000000087600000, 0x0000000087700000|  0%| F|  |TAMS 0x0000000087600000| PB 0x0000000087600000| Untracked |  0
|  65|0x0000000087700000, 0x0000000087700000, 0x0000000087800000|  0%| F|  |TAMS 0x0000000087700000| PB 0x0000000087700000| Untracked |  0
|  66|0x0000000087800000, 0x0000000087800000, 0x0000000087900000|  0%| F|  |TAMS 0x0000000087800000| PB 0x0000000087800000| Untracked |  0
|  67|0x0000000087900000, 0x0000000087900000, 0x0000000087a00000|  0%| F|  |TAMS 0x0000000087900000| PB 0x0000000087900000| Untracked |  0
|  68|0x0000000087a00000, 0x0000000087a00000, 0x0000000087b00000|  0%| F|  |TAMS 0x0000000087a00000| PB 0x0000000087a00000| Untracked |  0
|  69|0x0000000087b00000, 0x0000000087b00000, 0x0000000087c00000|  0%| F|  |TAMS 0x0000000087b00000| PB 0x0000000087b00000| Untracked |  0
|  70|0x0000000087c00000, 0x0000000087c00000, 0x0000000087d00000|  0%| F|  |TAMS 0x0000000087c00000| PB 0x0000000087c00000| Untracked |  0
|  71|0x0000000087d00000, 0x0000000087d00000, 0x0000000087e00000|  0%| F|  |TAMS 0x0000000087d00000| PB 0x0000000087d00000| Untracked |  0
|  72|0x0000000087e00000, 0x0000000087e00000, 0x0000000087f00000|  0%| F|  |TAMS 0x0000000087e00000| PB 0x0000000087e00000| Untracked |  0
|  73|0x0000000087f00000, 0x0000000087f00000, 0x0000000088000000|  0%| F|  |TAMS 0x0000000087f00000| PB 0x0000000087f00000| Untracked |  0
|  74|0x0000000088000000, 0x0000000088000000, 0x0000000088100000|  0%| F|  |TAMS 0x0000000088000000| PB 0x0000000088000000| Untracked |  0
|  75|0x0000000088100000, 0x0000000088100000, 0x0000000088200000|  0%| F|  |TAMS 0x0000000088100000| PB 0x0000000088100000| Untracked |  0
|  76|0x0000000088200000, 0x0000000088200000, 0x0000000088300000|  0%| F|  |TAMS 0x0000000088200000| PB 0x0000000088200000| Untracked |  0
|  77|0x0000000088300000, 0x0000000088300000, 0x0000000088400000|  0%| F|  |TAMS 0x0000000088300000| PB 0x0000000088300000| Untracked |  0
|  78|0x0000000088400000, 0x0000000088400000, 0x0000000088500000|  0%| F|  |TAMS 0x0000000088400000| PB 0x0000000088400000| Untracked |  0
|  79|0x0000000088500000, 0x0000000088500000, 0x0000000088600000|  0%| F|  |TAMS 0x0000000088500000| PB 0x0000000088500000| Untracked |  0
|  80|0x0000000088600000, 0x0000000088600000, 0x0000000088700000|  0%| F|  |TAMS 0x0000000088600000| PB 0x0000000088600000| Untracked |  0
|  81|0x0000000088700000, 0x0000000088700000, 0x0000000088800000|  0%| F|  |TAMS 0x0000000088700000| PB 0x0000000088700000| Untracked |  0
|  82|0x0000000088800000, 0x0000000088800000, 0x0000000088900000|  0%| F|  |TAMS 0x0000000088800000| PB 0x0000000088800000| Untracked |  0
|  83|0x0000000088900000, 0x0000000088900000, 0x0000000088a00000|  0%| F|  |TAMS 0x0000000088900000| PB 0x0000000088900000| Untracked |  0
|  84|0x0000000088a00000, 0x0000000088a00000, 0x0000000088b00000|  0%| F|  |TAMS 0x0000000088a00000| PB 0x0000000088a00000| Untracked |  0
|  85|0x0000000088b00000, 0x0000000088b00000, 0x0000000088c00000|  0%| F|  |TAMS 0x0000000088b00000| PB 0x0000000088b00000| Untracked |  0
|  86|0x0000000088c00000, 0x0000000088c00000, 0x0000000088d00000|  0%| F|  |TAMS 0x0000000088c00000| PB 0x0000000088c00000| Untracked |  0
|  87|0x0000000088d00000, 0x0000000088d00000, 0x0000000088e00000|  0%| F|  |TAMS 0x0000000088d00000| PB 0x0000000088d00000| Untracked |  0
|  88|0x0000000088e00000, 0x0000000088e00000, 0x0000000088f00000|  0%| F|  |TAMS 0x0000000088e00000| PB 0x0000000088e00000| Untracked |  0
|  89|0x0000000088f00000, 0x0000000088f00000, 0x0000000089000000|  0%| F|  |TAMS 0x0000000088f00000| PB 0x0000000088f00000| Untracked |  0
|  90|0x0000000089000000, 0x0000000089000000, 0x0000000089100000|  0%| F|  |TAMS 0x0000000089000000| PB 0x0000000089000000| Untracked |  0
|  91|0x0000000089100000, 0x0000000089100000, 0x0000000089200000|  0%| F|  |TAMS 0x0000000089100000| PB 0x0000000089100000| Untracked |  0
|  92|0x0000000089200000, 0x0000000089200000, 0x0000000089300000|  0%| F|  |TAMS 0x0000000089200000| PB 0x0000000089200000| Untracked |  0
|  93|0x0000000089300000, 0x0000000089300000, 0x0000000089400000|  0%| F|  |TAMS 0x0000000089300000| PB 0x0000000089300000| Untracked |  0
|  94|0x0000000089400000, 0x0000000089400000, 0x0000000089500000|  0%| F|  |TAMS 0x0000000089400000| PB 0x0000000089400000| Untracked |  0
|  95|0x0000000089500000, 0x0000000089500000, 0x0000000089600000|  0%| F|  |TAMS 0x0000000089500000| PB 0x0000000089500000| Untracked |  0
|  96|0x0000000089600000, 0x0000000089600000, 0x0000000089700000|  0%| F|  |TAMS 0x0000000089600000| PB 0x0000000089600000| Untracked |  0
|  97|0x0000000089700000, 0x0000000089700000, 0x0000000089800000|  0%| F|  |TAMS 0x0000000089700000| PB 0x0000000089700000| Untracked |  0
|  98|0x0000000089800000, 0x0000000089900000, 0x0000000089900000|100%| E|  |TAMS 0x0000000089800000| PB 0x0000000089800000| Complete |  0
|  99|0x0000000089900000, 0x0000000089a00000, 0x0000000089a00000|100%| E|CS|TAMS 0x0000000089900000| PB 0x0000000089900000| Complete |  0
| 100|0x0000000089a00000, 0x0000000089b00000, 0x0000000089b00000|100%| E|CS|TAMS 0x0000000089a00000| PB 0x0000000089a00000| Complete |  0
| 101|0x0000000089b00000, 0x0000000089c00000, 0x0000000089c00000|100%| E|CS|TAMS 0x0000000089b00000| PB 0x0000000089b00000| Complete |  0
| 102|0x0000000089c00000, 0x0000000089d00000, 0x0000000089d00000|100%| E|CS|TAMS 0x0000000089c00000| PB 0x0000000089c00000| Complete |  0
| 103|0x0000000089d00000, 0x0000000089e00000, 0x0000000089e00000|100%| E|CS|TAMS 0x0000000089d00000| PB 0x0000000089d00000| Complete |  0
| 104|0x0000000089e00000, 0x0000000089f00000, 0x0000000089f00000|100%| E|CS|TAMS 0x0000000089e00000| PB 0x0000000089e00000| Complete |  0
| 105|0x0000000089f00000, 0x000000008a000000, 0x000000008a000000|100%| E|CS|TAMS 0x0000000089f00000| PB 0x0000000089f00000| Complete |  0
| 106|0x000000008a000000, 0x000000008a100000, 0x000000008a100000|100%| E|CS|TAMS 0x000000008a000000| PB 0x000000008a000000| Complete |  0
| 107|0x000000008a100000, 0x000000008a200000, 0x000000008a200000|100%| E|CS|TAMS 0x000000008a100000| PB 0x000000008a100000| Complete |  0
| 108|0x000000008a200000, 0x000000008a300000, 0x000000008a300000|100%| E|CS|TAMS 0x000000008a200000| PB 0x000000008a200000| Complete |  0
| 109|0x000000008a300000, 0x000000008a400000, 0x000000008a400000|100%| E|CS|TAMS 0x000000008a300000| PB 0x000000008a300000| Complete |  0
| 110|0x000000008a400000, 0x000000008a500000, 0x000000008a500000|100%| E|CS|TAMS 0x000000008a400000| PB 0x000000008a400000| Complete |  0
| 111|0x000000008a500000, 0x000000008a600000, 0x000000008a600000|100%| E|CS|TAMS 0x000000008a500000| PB 0x000000008a500000| Complete |  0
| 112|0x000000008a600000, 0x000000008a700000, 0x000000008a700000|100%| E|CS|TAMS 0x000000008a600000| PB 0x000000008a600000| Complete |  0
| 113|0x000000008a700000, 0x000000008a800000, 0x000000008a800000|100%| E|CS|TAMS 0x000000008a700000| PB 0x000000008a700000| Complete |  0
| 114|0x000000008a800000, 0x000000008a900000, 0x000000008a900000|100%| E|CS|TAMS 0x000000008a800000| PB 0x000000008a800000| Complete |  0
| 115|0x000000008a900000, 0x000000008aa00000, 0x000000008aa00000|100%| E|CS|TAMS 0x000000008a900000| PB 0x000000008a900000| Complete |  0
| 116|0x000000008aa00000, 0x000000008ab00000, 0x000000008ab00000|100%| E|CS|TAMS 0x000000008aa00000| PB 0x000000008aa00000| Complete |  0
| 117|0x000000008ab00000, 0x000000008ac00000, 0x000000008ac00000|100%| E|CS|TAMS 0x000000008ab00000| PB 0x000000008ab00000| Complete |  0
| 118|0x000000008ac00000, 0x000000008ad00000, 0x000000008ad00000|100%| E|CS|TAMS 0x000000008ac00000| PB 0x000000008ac00000| Complete |  0
| 119|0x000000008ad00000, 0x000000008ae00000, 0x000000008ae00000|100%| E|CS|TAMS 0x000000008ad00000| PB 0x000000008ad00000| Complete |  0
| 120|0x000000008ae00000, 0x000000008af00000, 0x000000008af00000|100%| E|CS|TAMS 0x000000008ae00000| PB 0x000000008ae00000| Complete |  0
| 121|0x000000008af00000, 0x000000008b000000, 0x000000008b000000|100%| E|CS|TAMS 0x000000008af00000| PB 0x000000008af00000| Complete |  0
| 122|0x000000008b000000, 0x000000008b100000, 0x000000008b100000|100%| E|CS|TAMS 0x000000008b000000| PB 0x000000008b000000| Complete |  0
| 123|0x000000008b100000, 0x000000008b200000, 0x000000008b200000|100%| E|CS|TAMS 0x000000008b100000| PB 0x000000008b100000| Complete |  0
| 124|0x000000008b200000, 0x000000008b300000, 0x000000008b300000|100%| E|CS|TAMS 0x000000008b200000| PB 0x000000008b200000| Complete |  0
| 125|0x000000008b300000, 0x000000008b400000, 0x000000008b400000|100%| E|CS|TAMS 0x000000008b300000| PB 0x000000008b300000| Complete |  0
|1992|0x00000000ffe00000, 0x00000000fff00000, 0x00000000fff00000|100%| O|  |TAMS 0x00000000ffe00000| PB 0x00000000ffe00000| Untracked |  0
|1993|0x00000000fff00000, 0x00000000fff1c288, 0x0000000100000000| 10%| O|  |TAMS 0x00000000fff00000| PB 0x00000000fff00000| Untracked |  0

Card table byte_map: [0x000002d073600000,0x000002d0739f0000] _byte_map_base: 0x000002d0731e5000

Marking Bits: (CMBitMap*) 0x000002d069c62de0
 Bits: [0x000002d0739f0000, 0x000002d075918000)

Polling page: 0x000002d0683b0000

Metaspace:

Usage:
  Non-class:      6.97 MB used.
      Class:    742.58 KB used.
       Both:      7.70 MB used.

Virtual space:
  Non-class space:       64.00 MB reserved,       7.12 MB ( 11%) committed,  1 nodes.
      Class space:        1.00 GB reserved,     832.00 KB ( <1%) committed,  1 nodes.
             Both:        1.06 GB reserved,       7.94 MB ( <1%) committed. 

Chunk freelists:
   Non-Class:  8.47 MB
       Class:  15.19 MB
        Both:  23.66 MB

MaxMetaspaceSize: unlimited
CompressedClassSpaceSize: 1.00 GB
Initial GC threshold: 21.00 MB
Current GC threshold: 21.00 MB
CDS: on
 - commit_granule_bytes: 65536.
 - commit_granule_words: 8192.
 - virtual_space_node_default_size: 8388608.
 - enlarge_chunks_in_place: 1.
UseCompressedClassPointers 1, UseCompactObjectHeaders 0
Narrow klass pointer bits 32, Max shift 3
Narrow klass base: 0x000002d00f000000, Narrow klass shift: 0
Encoding Range: [0x000002d00f000000 - 0x000002d10f000000), (4294967296 bytes)
Klass Range:    [0x000002d00f000000 - 0x000002d050000000), (1090519040 bytes)
Klass ID Range:  [8 - 1090519033) (1090519025)


Internal statistics:

num_allocs_failed_limit: 0.
num_arena_births: 194.
num_arena_deaths: 0.
num_vsnodes_births: 2.
num_vsnodes_deaths: 0.
num_space_committed: 127.
num_space_uncommitted: 0.
num_chunks_returned_to_freelist: 0.
num_chunks_taken_from_freelist: 255.
num_chunk_merges: 0.
num_chunk_splits: 150.
num_chunks_enlarged: 60.
num_inconsistent_stats: 0.

CodeHeap 'non-profiled nmethods': size=120064Kb used=634Kb max_used=634Kb free=119429Kb
 bounds [0x000002d007ac0000, 0x000002d007d30000, 0x000002d00f000000]
CodeHeap 'profiled nmethods': size=120000Kb used=2552Kb max_used=2552Kb free=117447Kb
 bounds [0x000002d000000000, 0x000002d000280000, 0x000002d007530000]
CodeHeap 'non-nmethods': size=5696Kb used=1457Kb max_used=1510Kb free=4238Kb
 bounds [0x000002d007530000, 0x000002d0077a0000, 0x000002d007ac0000]
CodeCache: size=245760Kb, used=4643Kb, max_used=4696Kb, free=241114Kb
 total_blobs=2341, nmethods=1836, adapters=410, full_count=0
Compilation: enabled, stopped_count=0, restarted_count=0

Compilation events (20 events):
Event: 3.879 Thread 0x000002d0549c0330 nmethod 1789 0x000002d007b59a88 code [0x000002d007b59d20, 0x000002d007b5b8d0]
Event: 3.879 Thread 0x000002d0549c0330 1806       4       java.util.LinkedHashMap::linkNodeAtEnd (76 bytes)
Event: 3.880 Thread 0x000002d0549c0330 nmethod 1806 0x000002d007b5b988 code [0x000002d007b5baa0, 0x000002d007b5bfa8]
Event: 3.880 Thread 0x000002d0549c0330 1798       4       java.lang.Long::<init> (10 bytes)
Event: 3.880 Thread 0x000002d0549c0330 nmethod 1798 0x000002d007b5c008 code [0x000002d007b5c100, 0x000002d007b5c178]
Event: 3.880 Thread 0x000002d0783fae30 1820       1       jdk.jfr.internal.periodic.EventTask::getEventType (5 bytes)
Event: 3.881 Thread 0x000002d0783fae30 nmethod 1820 0x000002d007b5c308 code [0x000002d007b5c400, 0x000002d007b5c4c8]
Event: 3.881 Thread 0x000002d0783fae30 1822       3       java.lang.invoke.MemberName::<init> (139 bytes)
Event: 3.881 Thread 0x000002d0783fae30 nmethod 1822 0x000002d000273b08 code [0x000002d000273da0, 0x000002d0002751f0]
Event: 3.881 Thread 0x000002d0783fae30 1823       3       java.util.Comparator$$Lambda/0x000002d0100a5730::compare (10 bytes)
Event: 3.882 Thread 0x000002d0783fae30 nmethod 1823 0x000002d000275288 code [0x000002d0002753e0, 0x000002d000275850]
Event: 3.882 Thread 0x000002d0783fae30 1824       3       java.util.Comparator::lambda$comparingLong$6043328a$1 (18 bytes)
Event: 3.882 Thread 0x000002d0783fae30 nmethod 1824 0x000002d000275888 code [0x000002d0002759e0, 0x000002d000275dc0]
Event: 3.882 Thread 0x000002d0783fae30 1821       1       jdk.jfr.internal.periodic.PeriodicTask::getPeriod (5 bytes)
Event: 3.882 Thread 0x000002d0783fae30 nmethod 1821 0x000002d007b5c608 code [0x000002d007b5c700, 0x000002d007b5c7c8]
Event: 3.882 Thread 0x000002d0783fae30 1825       3       jdk.internal.classfile.impl.Util$1WithCodeMethodHandler::accept (9 bytes)
Event: 3.882 Thread 0x000002d0783fae30 nmethod 1825 0x000002d000275e08 code [0x000002d000275f40, 0x000002d000276310]
Event: 3.882 Thread 0x000002d0783fae30 1826       3       jdk.internal.classfile.impl.Util$1WithCodeMethodHandler::accept (12 bytes)
Event: 3.882 Thread 0x000002d0783fae30 nmethod 1826 0x000002d000276388 code [0x000002d0002764c0, 0x000002d0002766c0]
Event: 3.883 Thread 0x000002d0554947d0 nmethod 1795 0x000002d007b5c908 code [0x000002d007b5cb00, 0x000002d007b5e2c0]

GC Heap History (0 events):
No events

Dll operation events (12 events):
Event: 0.012 Loaded shared library C:\Users\itsme\.jdks\openjdk-24.0.1\bin\java.dll
Event: 0.049 Loaded shared library C:\Users\itsme\.jdks\openjdk-24.0.1\bin\jsvml.dll
Event: 0.093 Loaded shared library C:\Users\itsme\.jdks\openjdk-24.0.1\bin\zip.dll
Event: 0.095 Loaded shared library C:\Users\itsme\.jdks\openjdk-24.0.1\bin\instrument.dll
Event: 0.101 Loaded shared library C:\Users\itsme\.jdks\openjdk-24.0.1\bin\net.dll
Event: 0.103 Loaded shared library C:\Users\itsme\.jdks\openjdk-24.0.1\bin\nio.dll
Event: 0.108 Loaded shared library C:\Users\itsme\.jdks\openjdk-24.0.1\bin\zip.dll
Event: 0.134 Loaded shared library C:\Users\itsme\.jdks\openjdk-24.0.1\bin\extnet.dll
Event: 0.150 Loaded shared library C:\Users\itsme\.jdks\openjdk-24.0.1\bin\jimage.dll
Event: 0.226 Loaded shared library C:\Users\itsme\.jdks\openjdk-24.0.1\bin\management.dll
Event: 0.237 Loaded shared library C:\Users\itsme\.jdks\openjdk-24.0.1\bin\management_ext.dll
Event: 3.612 Loaded shared library C:\Users\itsme\AppData\Local\Temp\idea_libasyncProfiler_dll_temp_folder\libasyncProfiler.dll

Deoptimization events (20 events):
Event: 3.798 Thread 0x000002d0783e3af0 Uncommon trap: trap_request=0xffffffde fr.pc=0x000002d007b3be0c relative=0x000000000000006c
Event: 3.798 Thread 0x000002d0783e3af0 Uncommon trap: reason=class_check action=maybe_recompile pc=0x000002d007b3be0c method=jdk.jfr.FlightRecorderPermission$InternalAccess.getType(Ljava/lang/Object;)Ljdk/jfr/internal/Type; @ 18 c2
Event: 3.798 Thread 0x000002d0783e3af0 DEOPT PACKING pc=0x000002d007b3be0c sp=0x000000d3a0afe5b0
Event: 3.798 Thread 0x000002d0783e3af0 DEOPT UNPACKING pc=0x000002d007655f02 sp=0x000000d3a0afe548 mode 2
Event: 3.805 Thread 0x000002d0783e3af0 Uncommon trap: trap_request=0xffffffcc fr.pc=0x000002d007b3c888 relative=0x00000000000003c8
Event: 3.805 Thread 0x000002d0783e3af0 Uncommon trap: reason=intrinsic_or_type_checked_inlining action=make_not_entrant pc=0x000002d007b3c888 method=java.util.Arrays.copyOf([Ljava/lang/Object;ILjava/lang/Class;)[Ljava/lang/Object; @ 35 c2
Event: 3.805 Thread 0x000002d0783e3af0 DEOPT PACKING pc=0x000002d007b3c888 sp=0x000000d3a0afe420
Event: 3.805 Thread 0x000002d0783e3af0 DEOPT UNPACKING pc=0x000002d007655f02 sp=0x000000d3a0afe3c8 mode 2
Event: 3.856 Thread 0x000002d0783e3af0 Uncommon trap: trap_request=0xffffff4d fr.pc=0x000002d007b48510 relative=0x00000000000000f0
Event: 3.856 Thread 0x000002d0783e3af0 Uncommon trap: reason=unstable_if action=reinterpret pc=0x000002d007b48510 method=java.lang.Long.valueOf(J)Ljava/lang/Long; @ 9 c2
Event: 3.856 Thread 0x000002d0783e3af0 DEOPT PACKING pc=0x000002d007b48510 sp=0x000000d3a0afe930
Event: 3.856 Thread 0x000002d0783e3af0 DEOPT UNPACKING pc=0x000002d007655f02 sp=0x000000d3a0afe8c8 mode 2
Event: 3.862 Thread 0x000002d0783e3af0 Uncommon trap: trap_request=0xffffff4d fr.pc=0x000002d007b54ea8 relative=0x0000000000000208
Event: 3.862 Thread 0x000002d0783e3af0 Uncommon trap: reason=unstable_if action=reinterpret pc=0x000002d007b54ea8 method=java.io.ByteArrayOutputStream.ensureCapacity(I)V @ 11 c2
Event: 3.862 Thread 0x000002d0783e3af0 DEOPT PACKING pc=0x000002d007b54ea8 sp=0x000000d3a0afe740
Event: 3.862 Thread 0x000002d0783e3af0 DEOPT UNPACKING pc=0x000002d007655f02 sp=0x000000d3a0afe678 mode 2
Event: 3.866 Thread 0x000002d0783e3af0 Uncommon trap: trap_request=0xffffff4d fr.pc=0x000002d007b55c68 relative=0x0000000000000548
Event: 3.866 Thread 0x000002d0783e3af0 Uncommon trap: reason=unstable_if action=reinterpret pc=0x000002d007b55c68 method=java.io.ByteArrayOutputStream.ensureCapacity(I)V @ 11 c2
Event: 3.866 Thread 0x000002d0783e3af0 DEOPT PACKING pc=0x000002d007b55c68 sp=0x000000d3a0afe720
Event: 3.866 Thread 0x000002d0783e3af0 DEOPT UNPACKING pc=0x000002d007655f02 sp=0x000000d3a0afe580 mode 2

Classes loaded (20 events):
Event: 3.848 Loading class jdk/jfr/internal/MetadataWriter
Event: 3.848 Loading class jdk/jfr/internal/MetadataWriter done
Event: 3.849 Loading class jdk/jfr/internal/MetadataDescriptor$Element
Event: 3.849 Loading class jdk/jfr/internal/MetadataDescriptor$Element done
Event: 3.849 Loading class jdk/jfr/internal/MetadataDescriptor$Attribute
Event: 3.849 Loading class jdk/jfr/internal/MetadataDescriptor$Attribute done
Event: 3.857 Loading class jdk/jfr/internal/consumer/StringParser$Encoding
Event: 3.858 Loading class jdk/jfr/internal/consumer/StringParser$Encoding done
Event: 3.869 Loading class jdk/jfr/internal/consumer/RepositoryFiles
Event: 3.870 Loading class jdk/jfr/internal/consumer/RepositoryFiles done
Event: 3.873 Loading class jdk/jfr/internal/SettingsManager$InternalSetting
Event: 3.873 Loading class jdk/jfr/internal/SettingsManager$InternalSetting done
Event: 3.874 Loading class jdk/jfr/internal/util/Rate
Event: 3.875 Loading class jdk/jfr/internal/util/Rate done
Event: 3.875 Loading class jdk/jfr/internal/util/TimespanUnit
Event: 3.875 Loading class jdk/jfr/internal/util/TimespanUnit done
Event: 3.875 Loading class jdk/jfr/internal/util/ValueParser
Event: 3.875 Loading class jdk/jfr/internal/util/ValueParser done
Event: 3.876 Loading class jdk/jfr/internal/periodic/PeriodicType
Event: 3.876 Loading class jdk/jfr/internal/periodic/PeriodicType done

Classes unloaded (0 events):
No events

Classes redefined (0 events):
No events

Internal exceptions (20 events):
Event: 0.539 Thread 0x000002d054ce5cd0 Exception <a 'java/lang/NoSuchMethodError'{0x000000008a447f20}: 'int java.lang.invoke.DelegatingMethodHandle$Holder.reinvoke_L(java.lang.Object, java.lang.Object, java.lang.Object, java.lang.Object, java.lang.Object)'> (0x000000008a447f20) 
thrown [s\open\src\hotspot\share\interpreter\linkResolver.cpp, line 805]
Event: 0.544 Thread 0x000002d054ce5cd0 Exception <a 'java/lang/NoSuchMethodError'{0x000000008a48b530}: 'java.lang.Object java.lang.invoke.DirectMethodHandle$Holder.invokeStatic(java.lang.Object, java.lang.Object, java.lang.Object, java.lang.Object, java.lang.Object, java.lang.Object, java.lang.Object, java.lang.Object)'> (0x000000008a48b530) 
thrown [s\open\src\hotspot\share\interpreter\linkResolver.cpp, line 805]
Event: 0.548 Thread 0x000002d054ce5cd0 Exception <a 'java/lang/NoSuchMethodError'{0x000000008a4aee38}: 'java.lang.Object java.lang.invoke.DirectMethodHandle$Holder.invokeStatic(java.lang.Object, java.lang.Object, java.lang.Object, java.lang.Object, java.lang.Object, java.lang.Object, java.lang.Object, java.lang.Object, java.lang.Object)'> (0x000000008a4aee38) 
thrown [s\open\src\hotspot\share\interpreter\linkResolver.cpp, line 805]
Event: 0.549 Thread 0x000002d054ce5cd0 Exception <a 'java/lang/NoSuchMethodError'{0x000000008a4c22e8}: 'java.lang.Object java.lang.invoke.Invokers$Holder.invokeExact_MT(java.lang.Object, java.lang.Object, java.lang.Object, java.lang.Object, java.lang.Object, java.lang.Object)'> (0x000000008a4c22e8) 
thrown [s\open\src\hotspot\share\interpreter\linkResolver.cpp, line 805]
Event: 0.552 Thread 0x000002d054ce5cd0 Exception <a 'java/lang/NoSuchMethodError'{0x000000008a4ce028}: 'java.lang.Object java.lang.invoke.DirectMethodHandle$Holder.invokeInterface(java.lang.Object, java.lang.Object, java.lang.Object, java.lang.Object, java.lang.Object)'> (0x000000008a4ce028) 
thrown [s\open\src\hotspot\share\interpreter\linkResolver.cpp, line 805]
Event: 0.558 Thread 0x000002d054ce5cd0 Exception <a 'java/lang/NoSuchMethodError'{0x000000008a319a48}: 'double java.lang.invoke.DirectMethodHandle$Holder.invokeInterface(java.lang.Object, java.lang.Object)'> (0x000000008a319a48) 
thrown [s\open\src\hotspot\share\interpreter\linkResolver.cpp, line 805]
Event: 0.559 Thread 0x000002d054ce5cd0 Exception <a 'java/lang/NoSuchMethodError'{0x000000008a32a6b8}: 'double java.lang.invoke.DelegatingMethodHandle$Holder.reinvoke_L(java.lang.Object, java.lang.Object)'> (0x000000008a32a6b8) 
thrown [s\open\src\hotspot\share\interpreter\linkResolver.cpp, line 805]
Event: 0.911 Thread 0x000002d054ce5cd0 Exception <a 'java/lang/NoSuchMethodError'{0x000000008a352278}: 'long java.lang.invoke.DirectMethodHandle$Holder.invokeVirtual(java.lang.Object, java.lang.Object)'> (0x000000008a352278) 
thrown [s\open\src\hotspot\share\interpreter\linkResolver.cpp, line 805]
Event: 0.912 Thread 0x000002d054ce5cd0 Exception <a 'java/lang/NoSuchMethodError'{0x000000008a35a568}: 'java.lang.Object java.lang.invoke.DirectMethodHandle$Holder.invokeStatic(java.lang.Object, long)'> (0x000000008a35a568) 
thrown [s\open\src\hotspot\share\interpreter\linkResolver.cpp, line 805]
Event: 0.913 Thread 0x000002d054ce5cd0 Exception <a 'java/lang/NoSuchMethodError'{0x000000008a36a610}: 'long java.lang.invoke.DelegatingMethodHandle$Holder.reinvoke_L(java.lang.Object, java.lang.Object)'> (0x000000008a36a610) 
thrown [s\open\src\hotspot\share\interpreter\linkResolver.cpp, line 805]
Event: 3.676 Thread 0x000002d0783e3af0 Exception <a 'java/lang/NoSuchMethodError'{0x000000008a2a4ea8}: 'void java.lang.invoke.DirectMethodHandle$Holder.invokeStaticInit(java.lang.Object)'> (0x000000008a2a4ea8) 
thrown [s\open\src\hotspot\share\interpreter\linkResolver.cpp, line 805]
Event: 3.684 Thread 0x000002d0783e3af0 Exception <a 'java/lang/NoSuchMethodError'{0x000000008a2ff480}: 'java.lang.Object java.lang.invoke.DirectMethodHandle$Holder.newInvokeSpecial(java.lang.Object, java.lang.Object, java.lang.Object, java.lang.Object, java.lang.Object)'> (0x000000008a2ff480) 
thrown [s\open\src\hotspot\share\interpreter\linkResolver.cpp, line 805]
Event: 3.737 Thread 0x000002d0783e3af0 Exception <a 'java/lang/NoSuchMethodError'{0x000000008a098ba0}: 'int java.lang.invoke.DirectMethodHandle$Holder.invokeStatic(java.lang.Object, java.lang.Object, java.lang.Object, java.lang.Object)'> (0x000000008a098ba0) 
thrown [s\open\src\hotspot\share\interpreter\linkResolver.cpp, line 805]
Event: 3.832 Thread 0x000002d0783e3af0 Exception <a 'java/lang/NoSuchMethodError'{0x0000000089ca4c48}: 'void java.lang.invoke.DirectMethodHandle$Holder.invokeSpecial(java.lang.Object, java.lang.Object, int)'> (0x0000000089ca4c48) 
thrown [s\open\src\hotspot\share\interpreter\linkResolver.cpp, line 805]
Event: 3.832 Thread 0x000002d0783e3af0 Exception <a 'java/lang/NoSuchMethodError'{0x0000000089cac868}: 'void java.lang.invoke.Invokers$Holder.invokeExact_MT(java.lang.Object, int, java.lang.Object)'> (0x0000000089cac868) 
thrown [s\open\src\hotspot\share\interpreter\linkResolver.cpp, line 805]
Event: 3.834 Thread 0x000002d0783e3af0 Exception <a 'java/lang/NoSuchMethodError'{0x0000000089cc7048}: 'void java.lang.invoke.DirectMethodHandle$Holder.invokeStatic(java.lang.Object, java.lang.Object, int)'> (0x0000000089cc7048) 
thrown [s\open\src\hotspot\share\interpreter\linkResolver.cpp, line 805]
Event: 3.835 Thread 0x000002d0783e3af0 Exception <a 'java/lang/NoSuchMethodError'{0x0000000089cd5f50}: 'java.lang.Object java.lang.invoke.DirectMethodHandle$Holder.newInvokeSpecial(java.lang.Object, java.lang.Object, int)'> (0x0000000089cd5f50) 
thrown [s\open\src\hotspot\share\interpreter\linkResolver.cpp, line 805]
Event: 3.838 Thread 0x000002d0783e3af0 Exception <a 'sun/nio/fs/WindowsException'{0x0000000089b8a4b8}> (0x0000000089b8a4b8) 
thrown [s\open\src\hotspot\share\prims\jni.cpp, line 518]
Event: 3.841 Thread 0x000002d0783e3af0 Exception <a 'sun/nio/fs/WindowsException'{0x0000000089b97290}> (0x0000000089b97290) 
thrown [s\open\src\hotspot\share\prims\jni.cpp, line 518]
Event: 3.845 Thread 0x000002d0783e3af0 Exception <a 'sun/nio/fs/WindowsException'{0x0000000089ba9050}> (0x0000000089ba9050) 
thrown [s\open\src\hotspot\share\prims\jni.cpp, line 518]

VM Operations (10 events):
Event: 0.433 Executing VM operation: HandshakeAllThreads (Deoptimize)
Event: 0.433 Executing VM operation: HandshakeAllThreads (Deoptimize) done
Event: 0.485 Executing VM operation: HandshakeAllThreads (Deoptimize)
Event: 0.485 Executing VM operation: HandshakeAllThreads (Deoptimize) done
Event: 0.523 Executing VM operation: HandshakeAllThreads (Deoptimize)
Event: 0.523 Executing VM operation: HandshakeAllThreads (Deoptimize) done
Event: 3.836 Executing VM operation: HandshakeAllThreads (Deoptimize)
Event: 3.836 Executing VM operation: HandshakeAllThreads (Deoptimize) done
Event: 3.870 Executing VM operation: JFRSafepointClear
Event: 3.870 Executing VM operation: JFRSafepointClear done

Memory protections (0 events):
No events

Nmethod flushes (0 events):
No events

Events (20 events):
Event: 0.046 Thread 0x000002d068236d80 Thread added: 0x000002d0783e3af0
Event: 0.046 Thread 0x000002d068236d80 Thread added: 0x000002d0783e5930
Event: 0.046 Thread 0x000002d068236d80 Thread added: 0x000002d0783e78a0
Event: 0.046 Thread 0x000002d068236d80 Thread added: 0x000002d0783f54b0
Event: 0.046 Thread 0x000002d068236d80 Thread added: 0x000002d0783fae30
Event: 0.099 Thread 0x000002d068236d80 Thread added: 0x000002d0541d4a10
Event: 0.120 Thread 0x000002d068236d80 Thread added: 0x000002d0541fb510
Event: 0.120 Thread 0x000002d068236d80 Thread added: 0x000002d0541fbc50
Event: 0.183 Thread 0x000002d0783fae30 Thread added: 0x000002d054bb51c0
Event: 0.393 Thread 0x000002d0783f54b0 Thread added: 0x000002d0546c5cb0
Event: 0.491 Thread 0x000002d0783e3af0 Thread added: 0x000002d0549c9870
Event: 0.504 Thread 0x000002d0549c9870 Thread added: 0x000002d054ce5cd0
Event: 0.517 Thread 0x000002d054ce5cd0 Thread added: 0x000002d054bfb0c0
Event: 0.522 Thread 0x000002d054ce5cd0 Thread added: 0x000002d0549b7360
Event: 0.907 Thread 0x000002d0546c5cb0 Thread exited: 0x000002d0546c5cb0
Event: 0.907 Thread 0x000002d054bb51c0 Thread exited: 0x000002d054bb51c0
Event: 3.646 Thread 0x000002d0783fae30 Thread added: 0x000002d0554947d0
Event: 3.647 Thread 0x000002d0783f54b0 Thread added: 0x000002d0549c0330
Event: 3.673 Thread 0x000002d0783e3af0 Thread added: 0x000002d05563ae00
Event: 3.835 Thread 0x000002d0783e3af0 Thread added: 0x000002d0556116f0


Dynamic libraries:
0x00007ff7f6500000 - 0x00007ff7f650e000 	C:\Users\itsme\.jdks\openjdk-24.0.1\bin\java.exe
0x00007ff9c86a0000 - 0x00007ff9c8906000 	C:\WINDOWS\SYSTEM32\ntdll.dll
0x00007ff9c68b0000 - 0x00007ff9c6979000 	C:\WINDOWS\System32\KERNEL32.DLL
0x00007ff9c5e80000 - 0x00007ff9c624c000 	C:\WINDOWS\System32\KERNELBASE.dll
0x00007ff9c5b10000 - 0x00007ff9c5c5b000 	C:\WINDOWS\System32\ucrtbase.dll
0x00007ff9af700000 - 0x00007ff9af71b000 	C:\Users\itsme\.jdks\openjdk-24.0.1\bin\VCRUNTIME140.dll
0x00007ff9aead0000 - 0x00007ff9aeae6000 	C:\Users\itsme\.jdks\openjdk-24.0.1\bin\jli.dll
0x00007ff9c66d0000 - 0x00007ff9c689a000 	C:\WINDOWS\System32\USER32.dll
0x00007ff9c5a20000 - 0x00007ff9c5a47000 	C:\WINDOWS\System32\win32u.dll
0x00007ff9c6c10000 - 0x00007ff9c6c3b000 	C:\WINDOWS\System32\GDI32.dll
0x00007ff99d200000 - 0x00007ff99d49a000 	C:\WINDOWS\WinSxS\amd64_microsoft.windows.common-controls_6595b64144ccf1df_6.0.26100.3912_none_3e07963ce335137e\COMCTL32.dll
0x00007ff9c5830000 - 0x00007ff9c5962000 	C:\WINDOWS\System32\gdi32full.dll
0x00007ff9c5970000 - 0x00007ff9c5a13000 	C:\WINDOWS\System32\msvcp_win.dll
0x00007ff9c85b0000 - 0x00007ff9c8659000 	C:\WINDOWS\System32\msvcrt.dll
0x00007ff9c82d0000 - 0x00007ff9c8300000 	C:\WINDOWS\System32\IMM32.DLL
0x00007ff9b3e20000 - 0x00007ff9b3e2c000 	C:\Users\itsme\.jdks\openjdk-24.0.1\bin\vcruntime140_1.dll
0x00007ff9adc20000 - 0x00007ff9adcae000 	C:\Users\itsme\.jdks\openjdk-24.0.1\bin\msvcp140.dll
0x00007ff961320000 - 0x00007ff9620c2000 	C:\Users\itsme\.jdks\openjdk-24.0.1\bin\server\jvm.dll
0x00007ff9c8210000 - 0x00007ff9c82c2000 	C:\WINDOWS\System32\ADVAPI32.dll
0x00007ff9c7cd0000 - 0x00007ff9c7d76000 	C:\WINDOWS\System32\sechost.dll
0x00007ff9c6980000 - 0x00007ff9c6a96000 	C:\WINDOWS\System32\RPCRT4.dll
0x00007ff9c6b20000 - 0x00007ff9c6b94000 	C:\WINDOWS\System32\WS2_32.dll
0x00007ff9b1b60000 - 0x00007ff9b1b6b000 	C:\WINDOWS\SYSTEM32\VERSION.dll
0x00007ff9c5380000 - 0x00007ff9c53de000 	C:\WINDOWS\SYSTEM32\POWRPROF.dll
0x00007ff9ae9f0000 - 0x00007ff9aea26000 	C:\WINDOWS\SYSTEM32\WINMM.dll
0x00007ff9c5360000 - 0x00007ff9c5374000 	C:\WINDOWS\SYSTEM32\UMPDC.dll
0x00007ff9c45f0000 - 0x00007ff9c460a000 	C:\WINDOWS\SYSTEM32\kernel.appcore.dll
0x00007ff9b3d80000 - 0x00007ff9b3d8a000 	C:\Users\itsme\.jdks\openjdk-24.0.1\bin\jimage.dll
0x00007ff9c2da0000 - 0x00007ff9c2fe1000 	C:\WINDOWS\SYSTEM32\DBGHELP.DLL
0x00007ff9c7600000 - 0x00007ff9c7984000 	C:\WINDOWS\System32\combase.dll
0x00007ff9c8480000 - 0x00007ff9c8560000 	C:\WINDOWS\System32\OLEAUT32.dll
0x00007ff9afe60000 - 0x00007ff9afe99000 	C:\WINDOWS\SYSTEM32\dbgcore.DLL
0x00007ff9c5c60000 - 0x00007ff9c5cf9000 	C:\WINDOWS\System32\bcryptPrimitives.dll
0x00007ff9b3c30000 - 0x00007ff9b3c3f000 	C:\Users\itsme\.jdks\openjdk-24.0.1\bin\instrument.dll
0x00007ff9aeab0000 - 0x00007ff9aeace000 	C:\Users\itsme\.jdks\openjdk-24.0.1\bin\java.dll
0x00007ff9c7450000 - 0x00007ff9c75ef000 	C:\WINDOWS\System32\ole32.dll
0x00007ff9c6c50000 - 0x00007ff9c737d000 	C:\WINDOWS\System32\SHELL32.dll
0x00007ff9c6250000 - 0x00007ff9c63c4000 	C:\WINDOWS\System32\wintypes.dll
0x00007ff9c3470000 - 0x00007ff9c3cc6000 	C:\WINDOWS\SYSTEM32\windows.storage.dll
0x00007ff9c8310000 - 0x00007ff9c83ff000 	C:\WINDOWS\System32\SHCORE.dll
0x00007ff9c8410000 - 0x00007ff9c8479000 	C:\WINDOWS\System32\shlwapi.dll
0x00007ff9c5740000 - 0x00007ff9c576f000 	C:\WINDOWS\SYSTEM32\profapi.dll
0x00007ff9a9820000 - 0x00007ff9a98f7000 	C:\Users\itsme\.jdks\openjdk-24.0.1\bin\jsvml.dll
0x00007ff9ae100000 - 0x00007ff9ae117000 	C:\Users\itsme\.jdks\openjdk-24.0.1\bin\zip.dll
0x00007ff9b3bb0000 - 0x00007ff9b3bc0000 	C:\Users\itsme\.jdks\openjdk-24.0.1\bin\net.dll
0x00007ff9c4b60000 - 0x00007ff9c4bca000 	C:\WINDOWS\system32\mswsock.dll
0x00007ff9ae0e0000 - 0x00007ff9ae0f6000 	C:\Users\itsme\.jdks\openjdk-24.0.1\bin\nio.dll
0x00007ff9b3b80000 - 0x00007ff9b3b89000 	C:\Users\itsme\.jdks\openjdk-24.0.1\bin\extnet.dll
0x00007ff9c40e0000 - 0x00007ff9c4207000 	C:\WINDOWS\SYSTEM32\DNSAPI.dll
0x00007ff9c40a0000 - 0x00007ff9c40d3000 	C:\WINDOWS\SYSTEM32\IPHLPAPI.DLL
0x00007ff9c6c40000 - 0x00007ff9c6c4a000 	C:\WINDOWS\System32\NSI.dll
0x00007ff9b8d80000 - 0x00007ff9b8d8b000 	C:\Windows\System32\rasadhlp.dll
0x00007ff9bf210000 - 0x00007ff9bf296000 	C:\WINDOWS\System32\fwpuclnt.dll
0x00007ff9b3ad0000 - 0x00007ff9b3ada000 	C:\Users\itsme\.jdks\openjdk-24.0.1\bin\management.dll
0x00007ff9b37b0000 - 0x00007ff9b37bb000 	C:\Users\itsme\.jdks\openjdk-24.0.1\bin\management_ext.dll
0x00007ff9c6c00000 - 0x00007ff9c6c08000 	C:\WINDOWS\System32\PSAPI.DLL
0x00007ff9c4e00000 - 0x00007ff9c4e1c000 	C:\WINDOWS\SYSTEM32\CRYPTSP.dll
0x00007ff9c4550000 - 0x00007ff9c458a000 	C:\WINDOWS\system32\rsaenh.dll
0x00007ff9c4c00000 - 0x00007ff9c4c2b000 	C:\WINDOWS\SYSTEM32\USERENV.dll
0x00007ff9c5710000 - 0x00007ff9c5736000 	C:\WINDOWS\SYSTEM32\bcrypt.dll
0x00007ff9c4e20000 - 0x00007ff9c4e2c000 	C:\WINDOWS\SYSTEM32\CRYPTBASE.dll
0x00007ff9b3d90000 - 0x00007ff9b3da8000 	C:\WINDOWS\system32\napinsp.dll
0x00007ff9b3bc0000 - 0x00007ff9b3bd2000 	C:\WINDOWS\System32\winrnr.dll
0x00007ff989060000 - 0x00007ff989080000 	C:\WINDOWS\system32\wshbth.dll
0x00007ff9b3620000 - 0x00007ff9b3650000 	C:\WINDOWS\system32\nlansp_c.dll
0x00007ff9a5560000 - 0x00007ff9a55ae000 	C:\WINDOWS\SYSTEM32\pdh.dll
0x00007ff9b3c40000 - 0x00007ff9b3c52000 	C:\WINDOWS\System32\perfproc.dll
0x00007ff9b3be0000 - 0x00007ff9b3bf1000 	C:\WINDOWS\System32\perfos.dll
0x00007ff9c3cf0000 - 0x00007ff9c3d02000 	C:\WINDOWS\SYSTEM32\pfclient.dll
0x00007ff961120000 - 0x00007ff961318000 	C:\Users\itsme\AppData\Local\Temp\idea_libasyncProfiler_dll_temp_folder\libasyncProfiler.dll

JVMTI agents:
C:\Program Files\JetBrains\IntelliJ IDEA 2025.1.1.1\lib\idea_rt.jar path:C:\Users\itsme\.jdks\openjdk-24.0.1\bin\instrument.dll, loaded, initialized, instrumentlib options:56468

dbghelp: loaded successfully - version: 4.0.5 - missing functions: none
symbol engine: initialized successfully - sym options: 0x614 - pdb path: .;C:\Users\itsme\.jdks\openjdk-24.0.1\bin;C:\WINDOWS\SYSTEM32;C:\WINDOWS\WinSxS\amd64_microsoft.windows.common-controls_6595b64144ccf1df_6.0.26100.3912_none_3e07963ce335137e;C:\Users\itsme\.jdks\openjdk-24.0.1\bin\server;C:\Users\itsme\AppData\Local\Temp\idea_libasyncProfiler_dll_temp_folder

VM Arguments:
jvm_args: -javaagent:C:\Program Files\JetBrains\IntelliJ IDEA 2025.1.1.1\lib\idea_rt.jar=56468 -Dfile.encoding=UTF-8 -Dsun.stdout.encoding=UTF-8 -Dsun.stderr.encoding=UTF-8 
java_command: Main
java_class_path (initial): C:\Users\itsme\Documentos\PrototipoSintaxis\out\production\PrototipoSintaxis
Launcher Type: SUN_STANDARD

[Global flags]
     intx CICompilerCount                          = 4                                         {product} {ergonomic}
     uint ConcGCThreads                            = 2                                         {product} {ergonomic}
     bool FlightRecorder                           = true                                      {product} {management}
     uint G1ConcRefinementThreads                  = 8                                         {product} {ergonomic}
   size_t G1HeapRegionSize                         = 1048576                                   {product} {ergonomic}
   size_t InitialHeapSize                          = 132120576                                 {product} {ergonomic}
   size_t MarkStackSize                            = 4194304                                   {product} {ergonomic}
   size_t MarkStackSizeMax                         = 536870912                                 {product} {ergonomic}
   size_t MaxHeapSize                              = 2090860544                                {product} {ergonomic}
   size_t MaxNewSize                               = 1254096896                                {product} {ergonomic}
   size_t MinHeapDeltaBytes                        = 1048576                                   {product} {ergonomic}
   size_t MinHeapSize                              = 8388608                                   {product} {ergonomic}
    uintx NonNMethodCodeHeapSize                   = 5832704                                {pd product} {ergonomic}
    uintx NonProfiledCodeHeapSize                  = 122945536                              {pd product} {ergonomic}
    uintx ProfiledCodeHeapSize                     = 122880000                              {pd product} {ergonomic}
    uintx ReservedCodeCacheSize                    = 251658240                              {pd product} {ergonomic}
     bool SegmentedCodeCache                       = true                                      {product} {ergonomic}
   size_t SoftMaxHeapSize                          = 2090860544                             {manageable} {ergonomic}
     bool UseCompressedOops                        = true                           {product lp64_product} {ergonomic}
     bool UseG1GC                                  = true                                      {product} {ergonomic}
     bool UseLargePagesIndividualAllocation        = false                                  {pd product} {ergonomic}

Logging:
Log output configuration:
 #0: stdout all=warning uptime,level,tags foldmultilines=false
 #1: stderr all=off uptime,level,tags foldmultilines=false

Environment Variables:
PATH=C:\WINDOWS\system32;C:\WINDOWS;C:\WINDOWS\System32\Wbem;C:\WINDOWS\System32\WindowsPowerShell\v1.0\;C:\WINDOWS\System32\OpenSSH\;C:\Program Files\MATLAB\MATLAB Production Server\R2015a\runtime\win64;C:\Program Files\MATLAB\MATLAB Production Server\R2015a\bin;C:\Program Files\MATLAB\MATLAB Production Server\R2015a\polyspace\bin;C:\Program Files\nodejs\;C:\Users\itsme\AppData\Local\Microsoft\WindowsApps;C:\Users\itsme\AppData\Roaming\npm
USERNAME=itsme
OS=Windows_NT
PROCESSOR_IDENTIFIER=Intel64 Family 6 Model 140 Stepping 1, GenuineIntel
TMP=C:\Users\itsme\AppData\Local\Temp
TEMP=C:\Users\itsme\AppData\Local\Temp




Periodic native trim disabled

---------------  S Y S T E M  ---------------

OS:
 Windows 11 , 64 bit Build 26100 (10.0.26100.3912)
OS uptime: 0 days 3:49 hours
Hyper-V role detected

CPU: total 8 (initial active 8) (4 cores per cpu, 2 threads per core) family 6 model 140 stepping 1 microcode 0x8a, cx8, cmov, fxsr, ht, mmx, 3dnowpref, sse, sse2, sse3, ssse3, sse4.1, sse4.2, popcnt, lzcnt, tsc, tscinvbit, avx, avx2, aes, erms, clmul, bmi1, bmi2, adx, avx512f, avx512dq, avx512cd, avx512bw, avx512vl, sha, fma, vzeroupper, avx512_vpopcntdq, avx512_vpclmulqdq, avx512_vaes, avx512_vnni, clflush, clflushopt, clwb, avx512_vbmi2, avx512_vbmi, hv, rdtscp, rdpid, fsrm, gfni, avx512_bitalg, f16c, cet_ibt, cet_ss, avx512_ifma
Processor Information for processor 0
  Max Mhz: 2419, Current Mhz: 2419, Mhz Limit: 2419
Processor Information for processor 1
  Max Mhz: 2419, Current Mhz: 1007, Mhz Limit: 2419
Processor Information for processor 2
  Max Mhz: 2419, Current Mhz: 1007, Mhz Limit: 2419
Processor Information for processor 3
  Max Mhz: 2419, Current Mhz: 1007, Mhz Limit: 2419
Processor Information for processor 4
  Max Mhz: 2419, Current Mhz: 2419, Mhz Limit: 2419
Processor Information for processor 5
  Max Mhz: 2419, Current Mhz: 2419, Mhz Limit: 2419
Processor Information for processor 6
  Max Mhz: 2419, Current Mhz: 2419, Mhz Limit: 2419
Processor Information for processor 7
  Max Mhz: 2419, Current Mhz: 2419, Mhz Limit: 2419

Memory: 4k page, system-wide physical 7975M (1253M free)
TotalPageFile size 11856M (AvailPageFile size 1998M)
current process WorkingSet (physical memory assigned to process): 117M, peak: 120M
current process commit charge ("private bytes"): 282M, peak: 285M

vm_info: OpenJDK 64-Bit Server VM (24.0.1+9-30) for windows-amd64 JRE (24.0.1+9-30), built on 2025-03-05T07:23:45Z with MS VC++ 17.6 (VS2022)

END.
